<?xml version="1.0" encoding="UTF-8"?>
<testng-results skipped="0" failed="0" ignored="0" total="1" passed="1">
  <reporter-output>
  </reporter-output>
  <suite name="Command line suite" duration-ms="20738" started-at="2018-09-05T09:40:50Z" finished-at="2018-09-05T09:41:11Z">
    <groups>
    </groups>
    <test name="Command line test" duration-ms="20738" started-at="2018-09-05T09:40:50Z" finished-at="2018-09-05T09:41:11Z">
      <class name="com.test.FirstTest">
        <test-method status="PASS" signature="test()[pri:0, instance:com.test.FirstTest@1b40d5f0]" name="test" duration-ms="20674" started-at="2018-09-05T09:40:50Z" finished-at="2018-09-05T09:41:11Z">
          <reporter-output>
          </reporter-output>
        </test-method> <!-- test -->
      </class> <!-- com.test.FirstTest -->
    </test> <!-- Command line test -->
  </suite> <!-- Command line suite -->
</testng-results>
